<!doctype html>
<html lang="en"><head><meta charSet="utf-8"/><meta http-equiv="X-UA-Compatible" content="IE=edge"/><meta name="viewport" content="width=device-width, initial-scale=1"/><title>index.html</title><link rel="stylesheet" href="assets/app.css"/></head><body data-raw="{&quot;stats&quot;:{&quot;suites&quot;:1,&quot;tests&quot;:32,&quot;passes&quot;:0,&quot;pending&quot;:0,&quot;failures&quot;:32,&quot;start&quot;:&quot;2021-08-26T22:15:22.794Z&quot;,&quot;end&quot;:&quot;2021-08-26T22:17:54.935Z&quot;,&quot;duration&quot;:151500,&quot;testsRegistered&quot;:32,&quot;passPercent&quot;:0,&quot;pendingPercent&quot;:0,&quot;other&quot;:0,&quot;hasOther&quot;:false,&quot;skipped&quot;:0,&quot;hasSkipped&quot;:false},&quot;results&quot;:[{&quot;uuid&quot;:&quot;7ca1b0f9-3e26-485e-aa4b-da70fcece0b6&quot;,&quot;title&quot;:&quot;&quot;,&quot;fullFile&quot;:&quot;cypress/integration/requestsTests.js&quot;,&quot;file&quot;:&quot;cypress/integration/requestsTests.js&quot;,&quot;beforeHooks&quot;:[],&quot;afterHooks&quot;:[],&quot;tests&quot;:[],&quot;suites&quot;:[{&quot;uuid&quot;:&quot;346ff9c3-3c07-4d68-9b2f-1960ab2dbf8a&quot;,&quot;title&quot;:&quot;RequestsTest&quot;,&quot;fullFile&quot;:&quot;&quot;,&quot;file&quot;:&quot;&quot;,&quot;beforeHooks&quot;:[],&quot;afterHooks&quot;:[],&quot;tests&quot;:[{&quot;title&quot;:&quot;Error message for parallels/api response with a delay of 60 second when clicking the run button of search page in hebrew mode&quot;,&quot;fullTitle&quot;:&quot;RequestsTest Error message for parallels/api response with a delay of 60 second when clicking the run button of search page in hebrew mode&quot;,&quot;timedOut&quot;:null,&quot;duration&quot;:6045,&quot;state&quot;:&quot;failed&quot;,&quot;speed&quot;:null,&quot;pass&quot;:false,&quot;fail&quot;:true,&quot;pending&quot;:false,&quot;context&quot;:&quot;\&quot;videos/requestsTests.js.mp4\&quot;&quot;,&quot;code&quot;:&quot;cy.setLanguageMode(&#x27;Hebrew&#x27;);\ncy.parallelsFinderRequest({\n  url: &#x27;/parallels/api/**&#x27;,\n  delaySeconds: 60 * 5,\n  message: &#x27;אופס יש לנו בעיה יש להזין טקסט יותר קצר&#x27;\n});&quot;,&quot;err&quot;:{&quot;message&quot;:&quot;AssertionError: Timed out retrying after 4000ms: Expected to find element: `input[type=\&quot;file\&quot;]`, but never found it.&quot;,&quot;estack&quot;:&quot;AssertionError: Timed out retrying after 4000ms: Expected to find element: `input[type=\&quot;file\&quot;]`, but never found it.\n    at Context.eval (https://citation-dev--gracious-gates-eda4d9.netlify.app/__cypress/tests?p=cypress/support/index.js:222:8)&quot;,&quot;diff&quot;:null},&quot;uuid&quot;:&quot;50636f3a-4863-48b2-8b59-cda940f18bcc&quot;,&quot;parentUUID&quot;:&quot;346ff9c3-3c07-4d68-9b2f-1960ab2dbf8a&quot;,&quot;isHook&quot;:false,&quot;skipped&quot;:false},{&quot;title&quot;:&quot;Error message for parallels/api response with status code 500 second when clicking the run button of search page in hebrew mode&quot;,&quot;fullTitle&quot;:&quot;RequestsTest Error message for parallels/api response with status code 500 second when clicking the run button of search page in hebrew mode&quot;,&quot;timedOut&quot;:null,&quot;duration&quot;:4600,&quot;state&quot;:&quot;failed&quot;,&quot;speed&quot;:null,&quot;pass&quot;:false,&quot;fail&quot;:true,&quot;pending&quot;:false,&quot;context&quot;:&quot;\&quot;videos/requestsTests.js.mp4\&quot;&quot;,&quot;code&quot;:&quot;cy.setLanguageMode(&#x27;Hebrew&#x27;);\ncy.parallelsFinderRequest({\n  url: &#x27;/parallels/api/**&#x27;,\n  status: 500,\n  message: &#x27;אופס יש לנו בעיה נסו שנית, או בקרו באתר מאוחר יותר&#x27;\n});&quot;,&quot;err&quot;:{&quot;message&quot;:&quot;AssertionError: Timed out retrying after 4000ms: Expected to find element: `input[type=\&quot;file\&quot;]`, but never found it.&quot;,&quot;estack&quot;:&quot;AssertionError: Timed out retrying after 4000ms: Expected to find element: `input[type=\&quot;file\&quot;]`, but never found it.\n    at Context.eval (https://citation-dev--gracious-gates-eda4d9.netlify.app/__cypress/tests?p=cypress/support/index.js:222:8)&quot;,&quot;diff&quot;:null},&quot;uuid&quot;:&quot;04e4facf-4487-42e6-b681-ad510cba4587&quot;,&quot;parentUUID&quot;:&quot;346ff9c3-3c07-4d68-9b2f-1960ab2dbf8a&quot;,&quot;isHook&quot;:false,&quot;skipped&quot;:false},{&quot;title&quot;:&quot;Error message for parallels/api response with a delay of 60 second when clicking the run button of search page in english mode&quot;,&quot;fullTitle&quot;:&quot;RequestsTest Error message for parallels/api response with a delay of 60 second when clicking the run button of search page in english mode&quot;,&quot;timedOut&quot;:null,&quot;duration&quot;:4538,&quot;state&quot;:&quot;failed&quot;,&quot;speed&quot;:null,&quot;pass&quot;:false,&quot;fail&quot;:true,&quot;pending&quot;:false,&quot;context&quot;:&quot;\&quot;videos/requestsTests.js.mp4\&quot;&quot;,&quot;code&quot;:&quot;cy.setLanguageMode(&#x27;English&#x27;);\ncy.parallelsFinderRequest({\n  url: &#x27;/parallels/api/**&#x27;,\n  delaySeconds: 60 * 5,\n  message: &#x27;Oops. Something went wrong Please upload a shorter text.&#x27;\n});&quot;,&quot;err&quot;:{&quot;message&quot;:&quot;AssertionError: Timed out retrying after 4000ms: Expected to find element: `input[type=\&quot;file\&quot;]`, but never found it.&quot;,&quot;estack&quot;:&quot;AssertionError: Timed out retrying after 4000ms: Expected to find element: `input[type=\&quot;file\&quot;]`, but never found it.\n    at Context.eval (https://citation-dev--gracious-gates-eda4d9.netlify.app/__cypress/tests?p=cypress/support/index.js:222:8)&quot;,&quot;diff&quot;:null},&quot;uuid&quot;:&quot;a97af02c-04e0-444a-a802-f49f287f8980&quot;,&quot;parentUUID&quot;:&quot;346ff9c3-3c07-4d68-9b2f-1960ab2dbf8a&quot;,&quot;isHook&quot;:false,&quot;skipped&quot;:false},{&quot;title&quot;:&quot;Error message for parallels/api response with status code 500 second when clicking the run button of search page in english mode&quot;,&quot;fullTitle&quot;:&quot;RequestsTest Error message for parallels/api response with status code 500 second when clicking the run button of search page in english mode&quot;,&quot;timedOut&quot;:null,&quot;duration&quot;:4645,&quot;state&quot;:&quot;failed&quot;,&quot;speed&quot;:null,&quot;pass&quot;:false,&quot;fail&quot;:true,&quot;pending&quot;:false,&quot;context&quot;:&quot;\&quot;videos/requestsTests.js.mp4\&quot;&quot;,&quot;code&quot;:&quot;cy.setLanguageMode(&#x27;English&#x27;);\ncy.parallelsFinderRequest({\n  url: &#x27;/parallels/api/**&#x27;,\n  status: 500,\n  message: &#x27;Oops. Something went wrong Please try again later&#x27;\n});&quot;,&quot;err&quot;:{&quot;message&quot;:&quot;AssertionError: Timed out retrying after 4000ms: Expected to find element: `input[type=\&quot;file\&quot;]`, but never found it.&quot;,&quot;estack&quot;:&quot;AssertionError: Timed out retrying after 4000ms: Expected to find element: `input[type=\&quot;file\&quot;]`, but never found it.\n    at Context.eval (https://citation-dev--gracious-gates-eda4d9.netlify.app/__cypress/tests?p=cypress/support/index.js:222:8)&quot;,&quot;diff&quot;:null},&quot;uuid&quot;:&quot;98154361-5bd3-428f-a4df-0dceef8f7214&quot;,&quot;parentUUID&quot;:&quot;346ff9c3-3c07-4d68-9b2f-1960ab2dbf8a&quot;,&quot;isHook&quot;:false,&quot;skipped&quot;:false},{&quot;title&quot;:&quot;Error message for synopsis/uploadfile/0 response with a delay of 60 second when clicking the run button of search page in hebrew mode&quot;,&quot;fullTitle&quot;:&quot;RequestsTest Error message for synopsis/uploadfile/0 response with a delay of 60 second when clicking the run button of search page in hebrew mode&quot;,&quot;timedOut&quot;:null,&quot;duration&quot;:5179,&quot;state&quot;:&quot;failed&quot;,&quot;speed&quot;:null,&quot;pass&quot;:false,&quot;fail&quot;:true,&quot;pending&quot;:false,&quot;context&quot;:&quot;\&quot;videos/requestsTests.js.mp4\&quot;&quot;,&quot;code&quot;:&quot;cy.setLanguageMode(&#x27;Hebrew&#x27;);\ncy.synopsisRequest({\n  url: &#x27;**/uploadfile/0&#x27;,\n  delaySeconds: 60 * 5,\n  message: &#x27;אופס יש לנו בעיה לא ניתן להציג את החלון להשוואת גרסאות&#x27;\n});&quot;,&quot;err&quot;:{&quot;message&quot;:&quot;AssertionError: Timed out retrying after 4000ms: Expected to find element: `input[type=\&quot;file\&quot;]`, but never found it.&quot;,&quot;estack&quot;:&quot;AssertionError: Timed out retrying after 4000ms: Expected to find element: `input[type=\&quot;file\&quot;]`, but never found it.\n    at Context.eval (https://citation-dev--gracious-gates-eda4d9.netlify.app/__cypress/tests?p=cypress/support/index.js:222:8)&quot;,&quot;diff&quot;:null},&quot;uuid&quot;:&quot;f767a837-1135-4f93-9b6d-0c73323dbea3&quot;,&quot;parentUUID&quot;:&quot;346ff9c3-3c07-4d68-9b2f-1960ab2dbf8a&quot;,&quot;isHook&quot;:false,&quot;skipped&quot;:false},{&quot;title&quot;:&quot;Error message for synopsis/uploadfile/0 response with status code 500 second when clicking the run button of search page in hebrew mode&quot;,&quot;fullTitle&quot;:&quot;RequestsTest Error message for synopsis/uploadfile/0 response with status code 500 second when clicking the run button of search page in hebrew mode&quot;,&quot;timedOut&quot;:null,&quot;duration&quot;:4471,&quot;state&quot;:&quot;failed&quot;,&quot;speed&quot;:null,&quot;pass&quot;:false,&quot;fail&quot;:true,&quot;pending&quot;:false,&quot;context&quot;:&quot;\&quot;videos/requestsTests.js.mp4\&quot;&quot;,&quot;code&quot;:&quot;cy.setLanguageMode(&#x27;Hebrew&#x27;);\ncy.synopsisRequest({\n  url: &#x27;**/uploadfile/0&#x27;,\n  status: 500,\n  message: &#x27;אופס יש לנו בעיה לא ניתן להציג את החלון להשוואת גרסאות&#x27;\n});&quot;,&quot;err&quot;:{&quot;message&quot;:&quot;AssertionError: Timed out retrying after 4000ms: Expected to find element: `input[type=\&quot;file\&quot;]`, but never found it.&quot;,&quot;estack&quot;:&quot;AssertionError: Timed out retrying after 4000ms: Expected to find element: `input[type=\&quot;file\&quot;]`, but never found it.\n    at Context.eval (https://citation-dev--gracious-gates-eda4d9.netlify.app/__cypress/tests?p=cypress/support/index.js:222:8)&quot;,&quot;diff&quot;:null},&quot;uuid&quot;:&quot;0b20be4e-7901-48b7-a8a6-c2266afd21f4&quot;,&quot;parentUUID&quot;:&quot;346ff9c3-3c07-4d68-9b2f-1960ab2dbf8a&quot;,&quot;isHook&quot;:false,&quot;skipped&quot;:false},{&quot;title&quot;:&quot;Error message for synopsis/uploadfile/0 response with a delay of 60 second when clicking the run button of search page in english mode&quot;,&quot;fullTitle&quot;:&quot;RequestsTest Error message for synopsis/uploadfile/0 response with a delay of 60 second when clicking the run button of search page in english mode&quot;,&quot;timedOut&quot;:null,&quot;duration&quot;:4571,&quot;state&quot;:&quot;failed&quot;,&quot;speed&quot;:null,&quot;pass&quot;:false,&quot;fail&quot;:true,&quot;pending&quot;:false,&quot;context&quot;:&quot;\&quot;videos/requestsTests.js.mp4\&quot;&quot;,&quot;code&quot;:&quot;cy.setLanguageMode(&#x27;English&#x27;);\ncy.synopsisRequest({\n  url: &#x27;**/uploadfile/0&#x27;,\n  delaySeconds: 60 * 5,\n  message: &#x27;Oops. Something went wrong Unable to display the Parallels screen&#x27;\n});&quot;,&quot;err&quot;:{&quot;message&quot;:&quot;AssertionError: Timed out retrying after 4000ms: Expected to find element: `input[type=\&quot;file\&quot;]`, but never found it.&quot;,&quot;estack&quot;:&quot;AssertionError: Timed out retrying after 4000ms: Expected to find element: `input[type=\&quot;file\&quot;]`, but never found it.\n    at Context.eval (https://citation-dev--gracious-gates-eda4d9.netlify.app/__cypress/tests?p=cypress/support/index.js:222:8)&quot;,&quot;diff&quot;:null},&quot;uuid&quot;:&quot;39e5d9ce-0e29-48e4-9379-79532b88668a&quot;,&quot;parentUUID&quot;:&quot;346ff9c3-3c07-4d68-9b2f-1960ab2dbf8a&quot;,&quot;isHook&quot;:false,&quot;skipped&quot;:false},{&quot;title&quot;:&quot;Error message for synopsis/uploadfile/0 response with status code 500 second when clicking the run button of search page in english mode&quot;,&quot;fullTitle&quot;:&quot;RequestsTest Error message for synopsis/uploadfile/0 response with status code 500 second when clicking the run button of search page in english mode&quot;,&quot;timedOut&quot;:null,&quot;duration&quot;:4673,&quot;state&quot;:&quot;failed&quot;,&quot;speed&quot;:null,&quot;pass&quot;:false,&quot;fail&quot;:true,&quot;pending&quot;:false,&quot;context&quot;:&quot;\&quot;videos/requestsTests.js.mp4\&quot;&quot;,&quot;code&quot;:&quot;cy.setLanguageMode(&#x27;English&#x27;);\ncy.synopsisRequest({\n  url: &#x27;**/uploadfile/0&#x27;,\n  status: 500,\n  message: &#x27;Oops. Something went wrong Unable to display the Parallels screen&#x27;\n});&quot;,&quot;err&quot;:{&quot;message&quot;:&quot;AssertionError: Timed out retrying after 4000ms: Expected to find element: `input[type=\&quot;file\&quot;]`, but never found it.&quot;,&quot;estack&quot;:&quot;AssertionError: Timed out retrying after 4000ms: Expected to find element: `input[type=\&quot;file\&quot;]`, but never found it.\n    at Context.eval (https://citation-dev--gracious-gates-eda4d9.netlify.app/__cypress/tests?p=cypress/support/index.js:222:8)&quot;,&quot;diff&quot;:null},&quot;uuid&quot;:&quot;0fa009d5-67f7-43ae-8dd0-ddd0e511370f&quot;,&quot;parentUUID&quot;:&quot;346ff9c3-3c07-4d68-9b2f-1960ab2dbf8a&quot;,&quot;isHook&quot;:false,&quot;skipped&quot;:false},{&quot;title&quot;:&quot;Error message for synopsis/uploadfile/synopsisFilename response with a delay of 60 second when clicking the run button of search page in hebrew mode&quot;,&quot;fullTitle&quot;:&quot;RequestsTest Error message for synopsis/uploadfile/synopsisFilename response with a delay of 60 second when clicking the run button of search page in hebrew mode&quot;,&quot;timedOut&quot;:null,&quot;duration&quot;:4558,&quot;state&quot;:&quot;failed&quot;,&quot;speed&quot;:null,&quot;pass&quot;:false,&quot;fail&quot;:true,&quot;pending&quot;:false,&quot;context&quot;:&quot;\&quot;videos/requestsTests.js.mp4\&quot;&quot;,&quot;code&quot;:&quot;cy.setLanguageMode(&#x27;Hebrew&#x27;);\ncy.synopsisRequest({\n  url: /^((?!(uploadfile\\/0)).)*$/,\n  delaySeconds: 60 * 5,\n  message: &#x27;אופס יש לנו בעיה לא ניתן להציג את החלון להשוואת גרסאות&#x27;\n});&quot;,&quot;err&quot;:{&quot;message&quot;:&quot;AssertionError: Timed out retrying after 4000ms: Expected to find element: `input[type=\&quot;file\&quot;]`, but never found it.&quot;,&quot;estack&quot;:&quot;AssertionError: Timed out retrying after 4000ms: Expected to find element: `input[type=\&quot;file\&quot;]`, but never found it.\n    at Context.eval (https://citation-dev--gracious-gates-eda4d9.netlify.app/__cypress/tests?p=cypress/support/index.js:222:8)&quot;,&quot;diff&quot;:null},&quot;uuid&quot;:&quot;5d21457d-d1e1-4c20-a93b-43ffa23bda86&quot;,&quot;parentUUID&quot;:&quot;346ff9c3-3c07-4d68-9b2f-1960ab2dbf8a&quot;,&quot;isHook&quot;:false,&quot;skipped&quot;:false},{&quot;title&quot;:&quot;Error message for synopsis/uploadfile/synopsisFilename response with status code 500 second when clicking the run button of search page in hebrew mode&quot;,&quot;fullTitle&quot;:&quot;RequestsTest Error message for synopsis/uploadfile/synopsisFilename response with status code 500 second when clicking the run button of search page in hebrew mode&quot;,&quot;timedOut&quot;:null,&quot;duration&quot;:4585,&quot;state&quot;:&quot;failed&quot;,&quot;speed&quot;:null,&quot;pass&quot;:false,&quot;fail&quot;:true,&quot;pending&quot;:false,&quot;context&quot;:&quot;\&quot;videos/requestsTests.js.mp4\&quot;&quot;,&quot;code&quot;:&quot;cy.setLanguageMode(&#x27;Hebrew&#x27;);\ncy.synopsisRequest({\n  url: /^((?!(uploadfile\\/0)).)*$/,\n  status: 500,\n  message: &#x27;אופס יש לנו בעיה לא ניתן להציג את החלון להשוואת גרסאות&#x27;\n});&quot;,&quot;err&quot;:{&quot;message&quot;:&quot;AssertionError: Timed out retrying after 4000ms: Expected to find element: `input[type=\&quot;file\&quot;]`, but never found it.&quot;,&quot;estack&quot;:&quot;AssertionError: Timed out retrying after 4000ms: Expected to find element: `input[type=\&quot;file\&quot;]`, but never found it.\n    at Context.eval (https://citation-dev--gracious-gates-eda4d9.netlify.app/__cypress/tests?p=cypress/support/index.js:222:8)&quot;,&quot;diff&quot;:null},&quot;uuid&quot;:&quot;62090573-b655-41be-9028-5f0d7f039220&quot;,&quot;parentUUID&quot;:&quot;346ff9c3-3c07-4d68-9b2f-1960ab2dbf8a&quot;,&quot;isHook&quot;:false,&quot;skipped&quot;:false},{&quot;title&quot;:&quot;Error message for synopsis/uploadfile/synopsisFilename response with a delay of 60 second when clicking the run button of search page in english mode&quot;,&quot;fullTitle&quot;:&quot;RequestsTest Error message for synopsis/uploadfile/synopsisFilename response with a delay of 60 second when clicking the run button of search page in english mode&quot;,&quot;timedOut&quot;:null,&quot;duration&quot;:4648,&quot;state&quot;:&quot;failed&quot;,&quot;speed&quot;:null,&quot;pass&quot;:false,&quot;fail&quot;:true,&quot;pending&quot;:false,&quot;context&quot;:&quot;\&quot;videos/requestsTests.js.mp4\&quot;&quot;,&quot;code&quot;:&quot;cy.setLanguageMode(&#x27;English&#x27;);\ncy.synopsisRequest({\n  url: /^((?!(uploadfile\\/0)).)*$/,\n  delaySeconds: 60 * 5,\n  message: &#x27;Oops. Something went wrong Unable to display the Parallels screen&#x27;\n});&quot;,&quot;err&quot;:{&quot;message&quot;:&quot;AssertionError: Timed out retrying after 4000ms: Expected to find element: `input[type=\&quot;file\&quot;]`, but never found it.&quot;,&quot;estack&quot;:&quot;AssertionError: Timed out retrying after 4000ms: Expected to find element: `input[type=\&quot;file\&quot;]`, but never found it.\n    at Context.eval (https://citation-dev--gracious-gates-eda4d9.netlify.app/__cypress/tests?p=cypress/support/index.js:222:8)&quot;,&quot;diff&quot;:null},&quot;uuid&quot;:&quot;a6bde33e-c252-4e3c-9072-996df861d200&quot;,&quot;parentUUID&quot;:&quot;346ff9c3-3c07-4d68-9b2f-1960ab2dbf8a&quot;,&quot;isHook&quot;:false,&quot;skipped&quot;:false},{&quot;title&quot;:&quot;Error message for synopsis/uploadfile/synopsisFilename response with status code 500 second when clicking the run button of search page in english mode&quot;,&quot;fullTitle&quot;:&quot;RequestsTest Error message for synopsis/uploadfile/synopsisFilename response with status code 500 second when clicking the run button of search page in english mode&quot;,&quot;timedOut&quot;:null,&quot;duration&quot;:4650,&quot;state&quot;:&quot;failed&quot;,&quot;speed&quot;:null,&quot;pass&quot;:false,&quot;fail&quot;:true,&quot;pending&quot;:false,&quot;context&quot;:&quot;\&quot;videos/requestsTests.js.mp4\&quot;&quot;,&quot;code&quot;:&quot;cy.setLanguageMode(&#x27;English&#x27;);\ncy.synopsisRequest({\n  url: /^((?!(uploadfile\\/0)).)*$/,\n  status: 500,\n  message: &#x27;Oops. Something went wrong Unable to display the Parallels screen&#x27;\n});&quot;,&quot;err&quot;:{&quot;message&quot;:&quot;AssertionError: Timed out retrying after 4000ms: Expected to find element: `input[type=\&quot;file\&quot;]`, but never found it.&quot;,&quot;estack&quot;:&quot;AssertionError: Timed out retrying after 4000ms: Expected to find element: `input[type=\&quot;file\&quot;]`, but never found it.\n    at Context.eval (https://citation-dev--gracious-gates-eda4d9.netlify.app/__cypress/tests?p=cypress/support/index.js:222:8)&quot;,&quot;diff&quot;:null},&quot;uuid&quot;:&quot;ce80a4fd-ba1c-4768-a111-6655f4693116&quot;,&quot;parentUUID&quot;:&quot;346ff9c3-3c07-4d68-9b2f-1960ab2dbf8a&quot;,&quot;isHook&quot;:false,&quot;skipped&quot;:false},{&quot;title&quot;:&quot;Error message for synopsis/synopsisFilename response with a delay of 60 second when clicking the run button of search page in hebrew mode&quot;,&quot;fullTitle&quot;:&quot;RequestsTest Error message for synopsis/synopsisFilename response with a delay of 60 second when clicking the run button of search page in hebrew mode&quot;,&quot;timedOut&quot;:null,&quot;duration&quot;:4552,&quot;state&quot;:&quot;failed&quot;,&quot;speed&quot;:null,&quot;pass&quot;:false,&quot;fail&quot;:true,&quot;pending&quot;:false,&quot;context&quot;:&quot;\&quot;videos/requestsTests.js.mp4\&quot;&quot;,&quot;code&quot;:&quot;cy.setLanguageMode(&#x27;Hebrew&#x27;);\ncy.synopsisRequest({\n  url: /^((?!(uploadfile)).)*$/,\n  delaySeconds: 60 * 5,\n  message: &#x27;אופס יש לנו בעיה לא ניתן להציג את החלון להשוואת גרסאות&#x27;\n});&quot;,&quot;err&quot;:{&quot;message&quot;:&quot;AssertionError: Timed out retrying after 4000ms: Expected to find element: `input[type=\&quot;file\&quot;]`, but never found it.&quot;,&quot;estack&quot;:&quot;AssertionError: Timed out retrying after 4000ms: Expected to find element: `input[type=\&quot;file\&quot;]`, but never found it.\n    at Context.eval (https://citation-dev--gracious-gates-eda4d9.netlify.app/__cypress/tests?p=cypress/support/index.js:222:8)&quot;,&quot;diff&quot;:null},&quot;uuid&quot;:&quot;d1b95c87-6e89-47c8-b651-b4e5b4c85e4f&quot;,&quot;parentUUID&quot;:&quot;346ff9c3-3c07-4d68-9b2f-1960ab2dbf8a&quot;,&quot;isHook&quot;:false,&quot;skipped&quot;:false},{&quot;title&quot;:&quot;Error message for synopsis/synopsisFilename response with status code 500 second when clicking the run button of search page in hebrew mode&quot;,&quot;fullTitle&quot;:&quot;RequestsTest Error message for synopsis/synopsisFilename response with status code 500 second when clicking the run button of search page in hebrew mode&quot;,&quot;timedOut&quot;:null,&quot;duration&quot;:4716,&quot;state&quot;:&quot;failed&quot;,&quot;speed&quot;:null,&quot;pass&quot;:false,&quot;fail&quot;:true,&quot;pending&quot;:false,&quot;context&quot;:&quot;\&quot;videos/requestsTests.js.mp4\&quot;&quot;,&quot;code&quot;:&quot;cy.setLanguageMode(&#x27;Hebrew&#x27;);\ncy.synopsisRequest({\n  url: /^((?!(uploadfile)).)*$/,\n  status: 500,\n  message: &#x27;אופס יש לנו בעיה לא ניתן להציג את החלון להשוואת גרסאות&#x27;\n});&quot;,&quot;err&quot;:{&quot;message&quot;:&quot;AssertionError: Timed out retrying after 4000ms: Expected to find element: `input[type=\&quot;file\&quot;]`, but never found it.&quot;,&quot;estack&quot;:&quot;AssertionError: Timed out retrying after 4000ms: Expected to find element: `input[type=\&quot;file\&quot;]`, but never found it.\n    at Context.eval (https://citation-dev--gracious-gates-eda4d9.netlify.app/__cypress/tests?p=cypress/support/index.js:222:8)&quot;,&quot;diff&quot;:null},&quot;uuid&quot;:&quot;71dd7f5d-481b-4d61-b85c-9187bdb5b766&quot;,&quot;parentUUID&quot;:&quot;346ff9c3-3c07-4d68-9b2f-1960ab2dbf8a&quot;,&quot;isHook&quot;:false,&quot;skipped&quot;:false},{&quot;title&quot;:&quot;Error message for synopsis/synopsisFilename response with a delay of 60 second when clicking the run button of search page in english mode&quot;,&quot;fullTitle&quot;:&quot;RequestsTest Error message for synopsis/synopsisFilename response with a delay of 60 second when clicking the run button of search page in english mode&quot;,&quot;timedOut&quot;:null,&quot;duration&quot;:4637,&quot;state&quot;:&quot;failed&quot;,&quot;speed&quot;:null,&quot;pass&quot;:false,&quot;fail&quot;:true,&quot;pending&quot;:false,&quot;context&quot;:&quot;\&quot;videos/requestsTests.js.mp4\&quot;&quot;,&quot;code&quot;:&quot;cy.setLanguageMode(&#x27;English&#x27;);\ncy.synopsisRequest({\n  url: /^((?!(uploadfile)).)*$/,\n  delaySeconds: 60 * 5,\n  message: &#x27;Oops. Something went wrong Unable to display the Parallels screen&#x27;\n});&quot;,&quot;err&quot;:{&quot;message&quot;:&quot;AssertionError: Timed out retrying after 4000ms: Expected to find element: `input[type=\&quot;file\&quot;]`, but never found it.&quot;,&quot;estack&quot;:&quot;AssertionError: Timed out retrying after 4000ms: Expected to find element: `input[type=\&quot;file\&quot;]`, but never found it.\n    at Context.eval (https://citation-dev--gracious-gates-eda4d9.netlify.app/__cypress/tests?p=cypress/support/index.js:222:8)&quot;,&quot;diff&quot;:null},&quot;uuid&quot;:&quot;da129fca-a9db-453d-a8ca-4df251975ebe&quot;,&quot;parentUUID&quot;:&quot;346ff9c3-3c07-4d68-9b2f-1960ab2dbf8a&quot;,&quot;isHook&quot;:false,&quot;skipped&quot;:false},{&quot;title&quot;:&quot;Error message for synopsis/synopsisFilename response with status code 500 second when clicking the run button of search page in english mode&quot;,&quot;fullTitle&quot;:&quot;RequestsTest Error message for synopsis/synopsisFilename response with status code 500 second when clicking the run button of search page in english mode&quot;,&quot;timedOut&quot;:null,&quot;duration&quot;:4661,&quot;state&quot;:&quot;failed&quot;,&quot;speed&quot;:null,&quot;pass&quot;:false,&quot;fail&quot;:true,&quot;pending&quot;:false,&quot;context&quot;:&quot;\&quot;videos/requestsTests.js.mp4\&quot;&quot;,&quot;code&quot;:&quot;cy.setLanguageMode(&#x27;English&#x27;);\ncy.synopsisRequest({\n  url: /^((?!(uploadfile)).)*$/,\n  status: 500,\n  message: &#x27;Oops. Something went wrong Unable to display the Parallels screen&#x27;\n});&quot;,&quot;err&quot;:{&quot;message&quot;:&quot;AssertionError: Timed out retrying after 4000ms: Expected to find element: `input[type=\&quot;file\&quot;]`, but never found it.&quot;,&quot;estack&quot;:&quot;AssertionError: Timed out retrying after 4000ms: Expected to find element: `input[type=\&quot;file\&quot;]`, but never found it.\n    at Context.eval (https://citation-dev--gracious-gates-eda4d9.netlify.app/__cypress/tests?p=cypress/support/index.js:222:8)&quot;,&quot;diff&quot;:null},&quot;uuid&quot;:&quot;a6384cbd-dd3d-4e54-98c4-832164e0981b&quot;,&quot;parentUUID&quot;:&quot;346ff9c3-3c07-4d68-9b2f-1960ab2dbf8a&quot;,&quot;isHook&quot;:false,&quot;skipped&quot;:false}],&quot;suites&quot;:[],&quot;passes&quot;:[],&quot;failures&quot;:[&quot;50636f3a-4863-48b2-8b59-cda940f18bcc&quot;,&quot;04e4facf-4487-42e6-b681-ad510cba4587&quot;,&quot;a97af02c-04e0-444a-a802-f49f287f8980&quot;,&quot;98154361-5bd3-428f-a4df-0dceef8f7214&quot;,&quot;f767a837-1135-4f93-9b6d-0c73323dbea3&quot;,&quot;0b20be4e-7901-48b7-a8a6-c2266afd21f4&quot;,&quot;39e5d9ce-0e29-48e4-9379-79532b88668a&quot;,&quot;0fa009d5-67f7-43ae-8dd0-ddd0e511370f&quot;,&quot;5d21457d-d1e1-4c20-a93b-43ffa23bda86&quot;,&quot;62090573-b655-41be-9028-5f0d7f039220&quot;,&quot;a6bde33e-c252-4e3c-9072-996df861d200&quot;,&quot;ce80a4fd-ba1c-4768-a111-6655f4693116&quot;,&quot;d1b95c87-6e89-47c8-b651-b4e5b4c85e4f&quot;,&quot;71dd7f5d-481b-4d61-b85c-9187bdb5b766&quot;,&quot;da129fca-a9db-453d-a8ca-4df251975ebe&quot;,&quot;a6384cbd-dd3d-4e54-98c4-832164e0981b&quot;],&quot;pending&quot;:[],&quot;skipped&quot;:[],&quot;duration&quot;:75729,&quot;root&quot;:false,&quot;rootEmpty&quot;:false,&quot;_timeout&quot;:2000},{&quot;uuid&quot;:&quot;93c0df8d-09f5-4ac1-865d-78b105ed0f05&quot;,&quot;title&quot;:&quot;RequestsTest&quot;,&quot;fullFile&quot;:&quot;&quot;,&quot;file&quot;:&quot;&quot;,&quot;beforeHooks&quot;:[],&quot;afterHooks&quot;:[],&quot;tests&quot;:[{&quot;title&quot;:&quot;Error message for parallels/api response with a delay of 60 second when clicking the run button of search page in hebrew mode&quot;,&quot;fullTitle&quot;:&quot;RequestsTest Error message for parallels/api response with a delay of 60 second when clicking the run button of search page in hebrew mode&quot;,&quot;timedOut&quot;:null,&quot;duration&quot;:4696,&quot;state&quot;:&quot;failed&quot;,&quot;speed&quot;:null,&quot;pass&quot;:false,&quot;fail&quot;:true,&quot;pending&quot;:false,&quot;context&quot;:&quot;\&quot;videos/requestsTests.js.mp4\&quot;&quot;,&quot;code&quot;:&quot;cy.setLanguageMode(&#x27;Hebrew&#x27;);\ncy.parallelsFinderRequest({\n  url: &#x27;/parallels/api/**&#x27;,\n  delaySeconds: 60 * 5,\n  message: &#x27;אופס יש לנו בעיה יש להזין טקסט יותר קצר&#x27;\n});&quot;,&quot;err&quot;:{&quot;message&quot;:&quot;AssertionError: Timed out retrying after 4000ms: Expected to find element: `input[type=\&quot;file\&quot;]`, but never found it.&quot;,&quot;estack&quot;:&quot;AssertionError: Timed out retrying after 4000ms: Expected to find element: `input[type=\&quot;file\&quot;]`, but never found it.\n    at Context.eval (https://citation-dev--gracious-gates-eda4d9.netlify.app/__cypress/tests?p=cypress/support/index.js:222:8)&quot;,&quot;diff&quot;:null},&quot;uuid&quot;:&quot;bc832964-de77-41ba-80ff-a52e9b46d63a&quot;,&quot;parentUUID&quot;:&quot;93c0df8d-09f5-4ac1-865d-78b105ed0f05&quot;,&quot;isHook&quot;:false,&quot;skipped&quot;:false},{&quot;title&quot;:&quot;Error message for parallels/api response with status code 500 second when clicking the run button of search page in hebrew mode&quot;,&quot;fullTitle&quot;:&quot;RequestsTest Error message for parallels/api response with status code 500 second when clicking the run button of search page in hebrew mode&quot;,&quot;timedOut&quot;:null,&quot;duration&quot;:4619,&quot;state&quot;:&quot;failed&quot;,&quot;speed&quot;:null,&quot;pass&quot;:false,&quot;fail&quot;:true,&quot;pending&quot;:false,&quot;context&quot;:&quot;\&quot;videos/requestsTests.js.mp4\&quot;&quot;,&quot;code&quot;:&quot;cy.setLanguageMode(&#x27;Hebrew&#x27;);\ncy.parallelsFinderRequest({\n  url: &#x27;/parallels/api/**&#x27;,\n  status: 500,\n  message: &#x27;אופס יש לנו בעיה נסו שנית, או בקרו באתר מאוחר יותר&#x27;\n});&quot;,&quot;err&quot;:{&quot;message&quot;:&quot;AssertionError: Timed out retrying after 4000ms: Expected to find element: `input[type=\&quot;file\&quot;]`, but never found it.&quot;,&quot;estack&quot;:&quot;AssertionError: Timed out retrying after 4000ms: Expected to find element: `input[type=\&quot;file\&quot;]`, but never found it.\n    at Context.eval (https://citation-dev--gracious-gates-eda4d9.netlify.app/__cypress/tests?p=cypress/support/index.js:222:8)&quot;,&quot;diff&quot;:null},&quot;uuid&quot;:&quot;0d34a4d2-7e20-4740-9551-6c5fbeac7ad2&quot;,&quot;parentUUID&quot;:&quot;93c0df8d-09f5-4ac1-865d-78b105ed0f05&quot;,&quot;isHook&quot;:false,&quot;skipped&quot;:false},{&quot;title&quot;:&quot;Error message for parallels/api response with a delay of 60 second when clicking the run button of search page in english mode&quot;,&quot;fullTitle&quot;:&quot;RequestsTest Error message for parallels/api response with a delay of 60 second when clicking the run button of search page in english mode&quot;,&quot;timedOut&quot;:null,&quot;duration&quot;:4780,&quot;state&quot;:&quot;failed&quot;,&quot;speed&quot;:null,&quot;pass&quot;:false,&quot;fail&quot;:true,&quot;pending&quot;:false,&quot;context&quot;:&quot;\&quot;videos/requestsTests.js.mp4\&quot;&quot;,&quot;code&quot;:&quot;cy.setLanguageMode(&#x27;English&#x27;);\ncy.parallelsFinderRequest({\n  url: &#x27;/parallels/api/**&#x27;,\n  delaySeconds: 60 * 5,\n  message: &#x27;Oops. Something went wrong Please upload a shorter text.&#x27;\n});&quot;,&quot;err&quot;:{&quot;message&quot;:&quot;AssertionError: Timed out retrying after 4000ms: Expected to find element: `input[type=\&quot;file\&quot;]`, but never found it.&quot;,&quot;estack&quot;:&quot;AssertionError: Timed out retrying after 4000ms: Expected to find element: `input[type=\&quot;file\&quot;]`, but never found it.\n    at Context.eval (https://citation-dev--gracious-gates-eda4d9.netlify.app/__cypress/tests?p=cypress/support/index.js:222:8)&quot;,&quot;diff&quot;:null},&quot;uuid&quot;:&quot;810f50a7-c513-4edf-a576-60e4bc65be01&quot;,&quot;parentUUID&quot;:&quot;93c0df8d-09f5-4ac1-865d-78b105ed0f05&quot;,&quot;isHook&quot;:false,&quot;skipped&quot;:false},{&quot;title&quot;:&quot;Error message for parallels/api response with status code 500 second when clicking the run button of search page in english mode&quot;,&quot;fullTitle&quot;:&quot;RequestsTest Error message for parallels/api response with status code 500 second when clicking the run button of search page in english mode&quot;,&quot;timedOut&quot;:null,&quot;duration&quot;:4706,&quot;state&quot;:&quot;failed&quot;,&quot;speed&quot;:null,&quot;pass&quot;:false,&quot;fail&quot;:true,&quot;pending&quot;:false,&quot;context&quot;:&quot;\&quot;videos/requestsTests.js.mp4\&quot;&quot;,&quot;code&quot;:&quot;cy.setLanguageMode(&#x27;English&#x27;);\ncy.parallelsFinderRequest({\n  url: &#x27;/parallels/api/**&#x27;,\n  status: 500,\n  message: &#x27;Oops. Something went wrong Please try again later&#x27;\n});&quot;,&quot;err&quot;:{&quot;message&quot;:&quot;AssertionError: Timed out retrying after 4000ms: Expected to find element: `input[type=\&quot;file\&quot;]`, but never found it.&quot;,&quot;estack&quot;:&quot;AssertionError: Timed out retrying after 4000ms: Expected to find element: `input[type=\&quot;file\&quot;]`, but never found it.\n    at Context.eval (https://citation-dev--gracious-gates-eda4d9.netlify.app/__cypress/tests?p=cypress/support/index.js:222:8)&quot;,&quot;diff&quot;:null},&quot;uuid&quot;:&quot;85842b30-13b2-414e-a7c1-253499680d18&quot;,&quot;parentUUID&quot;:&quot;93c0df8d-09f5-4ac1-865d-78b105ed0f05&quot;,&quot;isHook&quot;:false,&quot;skipped&quot;:false},{&quot;title&quot;:&quot;Error message for synopsis/uploadfile/0 response with a delay of 60 second when clicking the run button of search page in hebrew mode&quot;,&quot;fullTitle&quot;:&quot;RequestsTest Error message for synopsis/uploadfile/0 response with a delay of 60 second when clicking the run button of search page in hebrew mode&quot;,&quot;timedOut&quot;:null,&quot;duration&quot;:4629,&quot;state&quot;:&quot;failed&quot;,&quot;speed&quot;:null,&quot;pass&quot;:false,&quot;fail&quot;:true,&quot;pending&quot;:false,&quot;context&quot;:&quot;\&quot;videos/requestsTests.js.mp4\&quot;&quot;,&quot;code&quot;:&quot;cy.setLanguageMode(&#x27;Hebrew&#x27;);\ncy.synopsisRequest({\n  url: &#x27;**/uploadfile/0&#x27;,\n  delaySeconds: 60 * 5,\n  message: &#x27;אופס יש לנו בעיה לא ניתן להציג את החלון להשוואת גרסאות&#x27;\n});&quot;,&quot;err&quot;:{&quot;message&quot;:&quot;AssertionError: Timed out retrying after 4000ms: Expected to find element: `input[type=\&quot;file\&quot;]`, but never found it.&quot;,&quot;estack&quot;:&quot;AssertionError: Timed out retrying after 4000ms: Expected to find element: `input[type=\&quot;file\&quot;]`, but never found it.\n    at Context.eval (https://citation-dev--gracious-gates-eda4d9.netlify.app/__cypress/tests?p=cypress/support/index.js:222:8)&quot;,&quot;diff&quot;:null},&quot;uuid&quot;:&quot;3c0c2b5b-50b0-4b62-8cb8-3a98fc4ce84e&quot;,&quot;parentUUID&quot;:&quot;93c0df8d-09f5-4ac1-865d-78b105ed0f05&quot;,&quot;isHook&quot;:false,&quot;skipped&quot;:false},{&quot;title&quot;:&quot;Error message for synopsis/uploadfile/0 response with status code 500 second when clicking the run button of search page in hebrew mode&quot;,&quot;fullTitle&quot;:&quot;RequestsTest Error message for synopsis/uploadfile/0 response with status code 500 second when clicking the run button of search page in hebrew mode&quot;,&quot;timedOut&quot;:null,&quot;duration&quot;:4623,&quot;state&quot;:&quot;failed&quot;,&quot;speed&quot;:null,&quot;pass&quot;:false,&quot;fail&quot;:true,&quot;pending&quot;:false,&quot;context&quot;:&quot;\&quot;videos/requestsTests.js.mp4\&quot;&quot;,&quot;code&quot;:&quot;cy.setLanguageMode(&#x27;Hebrew&#x27;);\ncy.synopsisRequest({\n  url: &#x27;**/uploadfile/0&#x27;,\n  status: 500,\n  message: &#x27;אופס יש לנו בעיה לא ניתן להציג את החלון להשוואת גרסאות&#x27;\n});&quot;,&quot;err&quot;:{&quot;message&quot;:&quot;AssertionError: Timed out retrying after 4000ms: Expected to find element: `input[type=\&quot;file\&quot;]`, but never found it.&quot;,&quot;estack&quot;:&quot;AssertionError: Timed out retrying after 4000ms: Expected to find element: `input[type=\&quot;file\&quot;]`, but never found it.\n    at Context.eval (https://citation-dev--gracious-gates-eda4d9.netlify.app/__cypress/tests?p=cypress/support/index.js:222:8)&quot;,&quot;diff&quot;:null},&quot;uuid&quot;:&quot;1371a4b2-54ce-4be2-9706-dd96a3ec94c5&quot;,&quot;parentUUID&quot;:&quot;93c0df8d-09f5-4ac1-865d-78b105ed0f05&quot;,&quot;isHook&quot;:false,&quot;skipped&quot;:false},{&quot;title&quot;:&quot;Error message for synopsis/uploadfile/0 response with a delay of 60 second when clicking the run button of search page in english mode&quot;,&quot;fullTitle&quot;:&quot;RequestsTest Error message for synopsis/uploadfile/0 response with a delay of 60 second when clicking the run button of search page in english mode&quot;,&quot;timedOut&quot;:null,&quot;duration&quot;:4706,&quot;state&quot;:&quot;failed&quot;,&quot;speed&quot;:null,&quot;pass&quot;:false,&quot;fail&quot;:true,&quot;pending&quot;:false,&quot;context&quot;:&quot;\&quot;videos/requestsTests.js.mp4\&quot;&quot;,&quot;code&quot;:&quot;cy.setLanguageMode(&#x27;English&#x27;);\ncy.synopsisRequest({\n  url: &#x27;**/uploadfile/0&#x27;,\n  delaySeconds: 60 * 5,\n  message: &#x27;Oops. Something went wrong Unable to display the Parallels screen&#x27;\n});&quot;,&quot;err&quot;:{&quot;message&quot;:&quot;AssertionError: Timed out retrying after 4000ms: Expected to find element: `input[type=\&quot;file\&quot;]`, but never found it.&quot;,&quot;estack&quot;:&quot;AssertionError: Timed out retrying after 4000ms: Expected to find element: `input[type=\&quot;file\&quot;]`, but never found it.\n    at Context.eval (https://citation-dev--gracious-gates-eda4d9.netlify.app/__cypress/tests?p=cypress/support/index.js:222:8)&quot;,&quot;diff&quot;:null},&quot;uuid&quot;:&quot;874f772e-edc5-4f61-9c9a-40fca8aa0e0b&quot;,&quot;parentUUID&quot;:&quot;93c0df8d-09f5-4ac1-865d-78b105ed0f05&quot;,&quot;isHook&quot;:false,&quot;skipped&quot;:false},{&quot;title&quot;:&quot;Error message for synopsis/uploadfile/0 response with status code 500 second when clicking the run button of search page in english mode&quot;,&quot;fullTitle&quot;:&quot;RequestsTest Error message for synopsis/uploadfile/0 response with status code 500 second when clicking the run button of search page in english mode&quot;,&quot;timedOut&quot;:null,&quot;duration&quot;:4805,&quot;state&quot;:&quot;failed&quot;,&quot;speed&quot;:null,&quot;pass&quot;:false,&quot;fail&quot;:true,&quot;pending&quot;:false,&quot;context&quot;:&quot;\&quot;videos/requestsTests.js.mp4\&quot;&quot;,&quot;code&quot;:&quot;cy.setLanguageMode(&#x27;English&#x27;);\ncy.synopsisRequest({\n  url: &#x27;**/uploadfile/0&#x27;,\n  status: 500,\n  message: &#x27;Oops. Something went wrong Unable to display the Parallels screen&#x27;\n});&quot;,&quot;err&quot;:{&quot;message&quot;:&quot;AssertionError: Timed out retrying after 4000ms: Expected to find element: `input[type=\&quot;file\&quot;]`, but never found it.&quot;,&quot;estack&quot;:&quot;AssertionError: Timed out retrying after 4000ms: Expected to find element: `input[type=\&quot;file\&quot;]`, but never found it.\n    at Context.eval (https://citation-dev--gracious-gates-eda4d9.netlify.app/__cypress/tests?p=cypress/support/index.js:222:8)&quot;,&quot;diff&quot;:null},&quot;uuid&quot;:&quot;3d080e7b-a559-45ef-9081-f22eaa256f4a&quot;,&quot;parentUUID&quot;:&quot;93c0df8d-09f5-4ac1-865d-78b105ed0f05&quot;,&quot;isHook&quot;:false,&quot;skipped&quot;:false},{&quot;title&quot;:&quot;Error message for synopsis/uploadfile/synopsisFilename response with a delay of 60 second when clicking the run button of search page in hebrew mode&quot;,&quot;fullTitle&quot;:&quot;RequestsTest Error message for synopsis/uploadfile/synopsisFilename response with a delay of 60 second when clicking the run button of search page in hebrew mode&quot;,&quot;timedOut&quot;:null,&quot;duration&quot;:4762,&quot;state&quot;:&quot;failed&quot;,&quot;speed&quot;:null,&quot;pass&quot;:false,&quot;fail&quot;:true,&quot;pending&quot;:false,&quot;context&quot;:&quot;\&quot;videos/requestsTests.js.mp4\&quot;&quot;,&quot;code&quot;:&quot;cy.setLanguageMode(&#x27;Hebrew&#x27;);\ncy.synopsisRequest({\n  url: /^((?!(uploadfile\\/0)).)*$/,\n  delaySeconds: 60 * 5,\n  message: &#x27;אופס יש לנו בעיה לא ניתן להציג את החלון להשוואת גרסאות&#x27;\n});&quot;,&quot;err&quot;:{&quot;message&quot;:&quot;AssertionError: Timed out retrying after 4000ms: Expected to find element: `input[type=\&quot;file\&quot;]`, but never found it.&quot;,&quot;estack&quot;:&quot;AssertionError: Timed out retrying after 4000ms: Expected to find element: `input[type=\&quot;file\&quot;]`, but never found it.\n    at Context.eval (https://citation-dev--gracious-gates-eda4d9.netlify.app/__cypress/tests?p=cypress/support/index.js:222:8)&quot;,&quot;diff&quot;:null},&quot;uuid&quot;:&quot;ad2295ae-668c-4cd6-934f-ddfb0aa49382&quot;,&quot;parentUUID&quot;:&quot;93c0df8d-09f5-4ac1-865d-78b105ed0f05&quot;,&quot;isHook&quot;:false,&quot;skipped&quot;:false},{&quot;title&quot;:&quot;Error message for synopsis/uploadfile/synopsisFilename response with status code 500 second when clicking the run button of search page in hebrew mode&quot;,&quot;fullTitle&quot;:&quot;RequestsTest Error message for synopsis/uploadfile/synopsisFilename response with status code 500 second when clicking the run button of search page in hebrew mode&quot;,&quot;timedOut&quot;:null,&quot;duration&quot;:4655,&quot;state&quot;:&quot;failed&quot;,&quot;speed&quot;:null,&quot;pass&quot;:false,&quot;fail&quot;:true,&quot;pending&quot;:false,&quot;context&quot;:&quot;\&quot;videos/requestsTests.js.mp4\&quot;&quot;,&quot;code&quot;:&quot;cy.setLanguageMode(&#x27;Hebrew&#x27;);\ncy.synopsisRequest({\n  url: /^((?!(uploadfile\\/0)).)*$/,\n  status: 500,\n  message: &#x27;אופס יש לנו בעיה לא ניתן להציג את החלון להשוואת גרסאות&#x27;\n});&quot;,&quot;err&quot;:{&quot;message&quot;:&quot;AssertionError: Timed out retrying after 4000ms: Expected to find element: `input[type=\&quot;file\&quot;]`, but never found it.&quot;,&quot;estack&quot;:&quot;AssertionError: Timed out retrying after 4000ms: Expected to find element: `input[type=\&quot;file\&quot;]`, but never found it.\n    at Context.eval (https://citation-dev--gracious-gates-eda4d9.netlify.app/__cypress/tests?p=cypress/support/index.js:222:8)&quot;,&quot;diff&quot;:null},&quot;uuid&quot;:&quot;d1d41212-66eb-4c1f-9698-e5b185f1a3d9&quot;,&quot;parentUUID&quot;:&quot;93c0df8d-09f5-4ac1-865d-78b105ed0f05&quot;,&quot;isHook&quot;:false,&quot;skipped&quot;:false},{&quot;title&quot;:&quot;Error message for synopsis/uploadfile/synopsisFilename response with a delay of 60 second when clicking the run button of search page in english mode&quot;,&quot;fullTitle&quot;:&quot;RequestsTest Error message for synopsis/uploadfile/synopsisFilename response with a delay of 60 second when clicking the run button of search page in english mode&quot;,&quot;timedOut&quot;:null,&quot;duration&quot;:4748,&quot;state&quot;:&quot;failed&quot;,&quot;speed&quot;:null,&quot;pass&quot;:false,&quot;fail&quot;:true,&quot;pending&quot;:false,&quot;context&quot;:&quot;\&quot;videos/requestsTests.js.mp4\&quot;&quot;,&quot;code&quot;:&quot;cy.setLanguageMode(&#x27;English&#x27;);\ncy.synopsisRequest({\n  url: /^((?!(uploadfile\\/0)).)*$/,\n  delaySeconds: 60 * 5,\n  message: &#x27;Oops. Something went wrong Unable to display the Parallels screen&#x27;\n});&quot;,&quot;err&quot;:{&quot;message&quot;:&quot;AssertionError: Timed out retrying after 4000ms: Expected to find element: `input[type=\&quot;file\&quot;]`, but never found it.&quot;,&quot;estack&quot;:&quot;AssertionError: Timed out retrying after 4000ms: Expected to find element: `input[type=\&quot;file\&quot;]`, but never found it.\n    at Context.eval (https://citation-dev--gracious-gates-eda4d9.netlify.app/__cypress/tests?p=cypress/support/index.js:222:8)&quot;,&quot;diff&quot;:null},&quot;uuid&quot;:&quot;90176bcc-69a9-43f0-b2e5-0b05d378e2cc&quot;,&quot;parentUUID&quot;:&quot;93c0df8d-09f5-4ac1-865d-78b105ed0f05&quot;,&quot;isHook&quot;:false,&quot;skipped&quot;:false},{&quot;title&quot;:&quot;Error message for synopsis/uploadfile/synopsisFilename response with status code 500 second when clicking the run button of search page in english mode&quot;,&quot;fullTitle&quot;:&quot;RequestsTest Error message for synopsis/uploadfile/synopsisFilename response with status code 500 second when clicking the run button of search page in english mode&quot;,&quot;timedOut&quot;:null,&quot;duration&quot;:4875,&quot;state&quot;:&quot;failed&quot;,&quot;speed&quot;:null,&quot;pass&quot;:false,&quot;fail&quot;:true,&quot;pending&quot;:false,&quot;context&quot;:&quot;\&quot;videos/requestsTests.js.mp4\&quot;&quot;,&quot;code&quot;:&quot;cy.setLanguageMode(&#x27;English&#x27;);\ncy.synopsisRequest({\n  url: /^((?!(uploadfile\\/0)).)*$/,\n  status: 500,\n  message: &#x27;Oops. Something went wrong Unable to display the Parallels screen&#x27;\n});&quot;,&quot;err&quot;:{&quot;message&quot;:&quot;AssertionError: Timed out retrying after 4000ms: Expected to find element: `input[type=\&quot;file\&quot;]`, but never found it.&quot;,&quot;estack&quot;:&quot;AssertionError: Timed out retrying after 4000ms: Expected to find element: `input[type=\&quot;file\&quot;]`, but never found it.\n    at Context.eval (https://citation-dev--gracious-gates-eda4d9.netlify.app/__cypress/tests?p=cypress/support/index.js:222:8)&quot;,&quot;diff&quot;:null},&quot;uuid&quot;:&quot;fce5cfc8-74b9-4c63-a20d-42dd9a4e76b2&quot;,&quot;parentUUID&quot;:&quot;93c0df8d-09f5-4ac1-865d-78b105ed0f05&quot;,&quot;isHook&quot;:false,&quot;skipped&quot;:false},{&quot;title&quot;:&quot;Error message for synopsis/synopsisFilename response with a delay of 60 second when clicking the run button of search page in hebrew mode&quot;,&quot;fullTitle&quot;:&quot;RequestsTest Error message for synopsis/synopsisFilename response with a delay of 60 second when clicking the run button of search page in hebrew mode&quot;,&quot;timedOut&quot;:null,&quot;duration&quot;:4681,&quot;state&quot;:&quot;failed&quot;,&quot;speed&quot;:null,&quot;pass&quot;:false,&quot;fail&quot;:true,&quot;pending&quot;:false,&quot;context&quot;:&quot;\&quot;videos/requestsTests.js.mp4\&quot;&quot;,&quot;code&quot;:&quot;cy.setLanguageMode(&#x27;Hebrew&#x27;);\ncy.synopsisRequest({\n  url: /^((?!(uploadfile)).)*$/,\n  delaySeconds: 60 * 5,\n  message: &#x27;אופס יש לנו בעיה לא ניתן להציג את החלון להשוואת גרסאות&#x27;\n});&quot;,&quot;err&quot;:{&quot;message&quot;:&quot;AssertionError: Timed out retrying after 4000ms: Expected to find element: `input[type=\&quot;file\&quot;]`, but never found it.&quot;,&quot;estack&quot;:&quot;AssertionError: Timed out retrying after 4000ms: Expected to find element: `input[type=\&quot;file\&quot;]`, but never found it.\n    at Context.eval (https://citation-dev--gracious-gates-eda4d9.netlify.app/__cypress/tests?p=cypress/support/index.js:222:8)&quot;,&quot;diff&quot;:null},&quot;uuid&quot;:&quot;c7315545-e11a-43cf-b9eb-703ce9ddf859&quot;,&quot;parentUUID&quot;:&quot;93c0df8d-09f5-4ac1-865d-78b105ed0f05&quot;,&quot;isHook&quot;:false,&quot;skipped&quot;:false},{&quot;title&quot;:&quot;Error message for synopsis/synopsisFilename response with status code 500 second when clicking the run button of search page in hebrew mode&quot;,&quot;fullTitle&quot;:&quot;RequestsTest Error message for synopsis/synopsisFilename response with status code 500 second when clicking the run button of search page in hebrew mode&quot;,&quot;timedOut&quot;:null,&quot;duration&quot;:4826,&quot;state&quot;:&quot;failed&quot;,&quot;speed&quot;:null,&quot;pass&quot;:false,&quot;fail&quot;:true,&quot;pending&quot;:false,&quot;context&quot;:&quot;\&quot;videos/requestsTests.js.mp4\&quot;&quot;,&quot;code&quot;:&quot;cy.setLanguageMode(&#x27;Hebrew&#x27;);\ncy.synopsisRequest({\n  url: /^((?!(uploadfile)).)*$/,\n  status: 500,\n  message: &#x27;אופס יש לנו בעיה לא ניתן להציג את החלון להשוואת גרסאות&#x27;\n});&quot;,&quot;err&quot;:{&quot;message&quot;:&quot;AssertionError: Timed out retrying after 4000ms: Expected to find element: `input[type=\&quot;file\&quot;]`, but never found it.&quot;,&quot;estack&quot;:&quot;AssertionError: Timed out retrying after 4000ms: Expected to find element: `input[type=\&quot;file\&quot;]`, but never found it.\n    at Context.eval (https://citation-dev--gracious-gates-eda4d9.netlify.app/__cypress/tests?p=cypress/support/index.js:222:8)&quot;,&quot;diff&quot;:null},&quot;uuid&quot;:&quot;7ecc011f-5d2a-4a82-9659-80b9ec0c35bf&quot;,&quot;parentUUID&quot;:&quot;93c0df8d-09f5-4ac1-865d-78b105ed0f05&quot;,&quot;isHook&quot;:false,&quot;skipped&quot;:false},{&quot;title&quot;:&quot;Error message for synopsis/synopsisFilename response with a delay of 60 second when clicking the run button of search page in english mode&quot;,&quot;fullTitle&quot;:&quot;RequestsTest Error message for synopsis/synopsisFilename response with a delay of 60 second when clicking the run button of search page in english mode&quot;,&quot;timedOut&quot;:null,&quot;duration&quot;:4751,&quot;state&quot;:&quot;failed&quot;,&quot;speed&quot;:null,&quot;pass&quot;:false,&quot;fail&quot;:true,&quot;pending&quot;:false,&quot;context&quot;:&quot;\&quot;videos/requestsTests.js.mp4\&quot;&quot;,&quot;code&quot;:&quot;cy.setLanguageMode(&#x27;English&#x27;);\ncy.synopsisRequest({\n  url: /^((?!(uploadfile)).)*$/,\n  delaySeconds: 60 * 5,\n  message: &#x27;Oops. Something went wrong Unable to display the Parallels screen&#x27;\n});&quot;,&quot;err&quot;:{&quot;message&quot;:&quot;AssertionError: Timed out retrying after 4000ms: Expected to find element: `input[type=\&quot;file\&quot;]`, but never found it.&quot;,&quot;estack&quot;:&quot;AssertionError: Timed out retrying after 4000ms: Expected to find element: `input[type=\&quot;file\&quot;]`, but never found it.\n    at Context.eval (https://citation-dev--gracious-gates-eda4d9.netlify.app/__cypress/tests?p=cypress/support/index.js:222:8)&quot;,&quot;diff&quot;:null},&quot;uuid&quot;:&quot;47b541f4-50c0-4e51-a274-ae7d6108f494&quot;,&quot;parentUUID&quot;:&quot;93c0df8d-09f5-4ac1-865d-78b105ed0f05&quot;,&quot;isHook&quot;:false,&quot;skipped&quot;:false},{&quot;title&quot;:&quot;Error message for synopsis/synopsisFilename response with status code 500 second when clicking the run button of search page in english mode&quot;,&quot;fullTitle&quot;:&quot;RequestsTest Error message for synopsis/synopsisFilename response with status code 500 second when clicking the run button of search page in english mode&quot;,&quot;timedOut&quot;:null,&quot;duration&quot;:4909,&quot;state&quot;:&quot;failed&quot;,&quot;speed&quot;:null,&quot;pass&quot;:false,&quot;fail&quot;:true,&quot;pending&quot;:false,&quot;context&quot;:&quot;\&quot;videos/requestsTests.js.mp4\&quot;&quot;,&quot;code&quot;:&quot;cy.setLanguageMode(&#x27;English&#x27;);\ncy.synopsisRequest({\n  url: /^((?!(uploadfile)).)*$/,\n  status: 500,\n  message: &#x27;Oops. Something went wrong Unable to display the Parallels screen&#x27;\n});&quot;,&quot;err&quot;:{&quot;message&quot;:&quot;AssertionError: Timed out retrying after 4000ms: Expected to find element: `input[type=\&quot;file\&quot;]`, but never found it.&quot;,&quot;estack&quot;:&quot;AssertionError: Timed out retrying after 4000ms: Expected to find element: `input[type=\&quot;file\&quot;]`, but never found it.\n    at Context.eval (https://citation-dev--gracious-gates-eda4d9.netlify.app/__cypress/tests?p=cypress/support/index.js:222:8)&quot;,&quot;diff&quot;:null},&quot;uuid&quot;:&quot;136e4da0-168f-437c-ae48-21b96d626e58&quot;,&quot;parentUUID&quot;:&quot;93c0df8d-09f5-4ac1-865d-78b105ed0f05&quot;,&quot;isHook&quot;:false,&quot;skipped&quot;:false}],&quot;suites&quot;:[],&quot;passes&quot;:[],&quot;failures&quot;:[&quot;bc832964-de77-41ba-80ff-a52e9b46d63a&quot;,&quot;0d34a4d2-7e20-4740-9551-6c5fbeac7ad2&quot;,&quot;810f50a7-c513-4edf-a576-60e4bc65be01&quot;,&quot;85842b30-13b2-414e-a7c1-253499680d18&quot;,&quot;3c0c2b5b-50b0-4b62-8cb8-3a98fc4ce84e&quot;,&quot;1371a4b2-54ce-4be2-9706-dd96a3ec94c5&quot;,&quot;874f772e-edc5-4f61-9c9a-40fca8aa0e0b&quot;,&quot;3d080e7b-a559-45ef-9081-f22eaa256f4a&quot;,&quot;ad2295ae-668c-4cd6-934f-ddfb0aa49382&quot;,&quot;d1d41212-66eb-4c1f-9698-e5b185f1a3d9&quot;,&quot;90176bcc-69a9-43f0-b2e5-0b05d378e2cc&quot;,&quot;fce5cfc8-74b9-4c63-a20d-42dd9a4e76b2&quot;,&quot;c7315545-e11a-43cf-b9eb-703ce9ddf859&quot;,&quot;7ecc011f-5d2a-4a82-9659-80b9ec0c35bf&quot;,&quot;47b541f4-50c0-4e51-a274-ae7d6108f494&quot;,&quot;136e4da0-168f-437c-ae48-21b96d626e58&quot;],&quot;pending&quot;:[],&quot;skipped&quot;:[],&quot;duration&quot;:75771,&quot;root&quot;:false,&quot;rootEmpty&quot;:false,&quot;_timeout&quot;:2000}],&quot;passes&quot;:[],&quot;failures&quot;:[],&quot;pending&quot;:[],&quot;skipped&quot;:[],&quot;duration&quot;:0,&quot;root&quot;:true,&quot;rootEmpty&quot;:true,&quot;_timeout&quot;:2000}],&quot;meta&quot;:{&quot;mocha&quot;:{&quot;version&quot;:&quot;7.0.1&quot;},&quot;mochawesome&quot;:{&quot;options&quot;:{&quot;quiet&quot;:false,&quot;reportFilename&quot;:&quot;mochawesome&quot;,&quot;saveHtml&quot;:false,&quot;saveJson&quot;:true,&quot;consoleReporter&quot;:&quot;spec&quot;,&quot;useInlineDiffs&quot;:false,&quot;code&quot;:true},&quot;version&quot;:&quot;6.2.2&quot;},&quot;marge&quot;:{&quot;options&quot;:{&quot;id&quot;:&quot;default&quot;,&quot;reportDir&quot;:&quot;cypress/results/json&quot;,&quot;overwrite&quot;:false,&quot;html&quot;:false,&quot;json&quot;:true},&quot;version&quot;:&quot;5.2.0&quot;}}}" data-config="{&quot;reportFilename&quot;:&quot;index&quot;,&quot;reportDir&quot;:&quot;public&quot;,&quot;reportTitle&quot;:&quot;dicta-parallels-finder&quot;,&quot;reportPageTitle&quot;:&quot;index.html&quot;,&quot;inline&quot;:false,&quot;inlineAssets&quot;:false,&quot;assetsDir&quot;:&quot;public/assets&quot;,&quot;cdn&quot;:false,&quot;charts&quot;:false,&quot;enableCharts&quot;:false,&quot;code&quot;:true,&quot;enableCode&quot;:true,&quot;autoOpen&quot;:false,&quot;overwrite&quot;:true,&quot;timestamp&quot;:false,&quot;ts&quot;:false,&quot;showPassed&quot;:true,&quot;showFailed&quot;:true,&quot;showPending&quot;:true,&quot;showSkipped&quot;:false,&quot;showHooks&quot;:&quot;failed&quot;,&quot;saveJson&quot;:false,&quot;saveHtml&quot;:true,&quot;dev&quot;:false,&quot;htmlFile&quot;:&quot;/__w/dicta-parallels-finder/dicta-parallels-finder/public/index.html&quot;}"><div id="report"></div><script src="assets/app.js"></script></body></html>